2014-09-18 09:29:42,030 INFO  [MamberId] exception in main class 
2014-09-18 09:29:43,050 INFO  [MamberId] exception in main class 
2014-09-18 09:29:44,083 INFO  [MamberId] exception in main class 
2014-09-18 09:29:45,101 INFO  [MamberId] exception in main class 
2014-09-18 09:35:55,577 INFO  [MamberId] oepn firefox browser 
2014-09-18 09:36:16,097 INFO  [MamberId] url scuces fully loded:http://wunderman:wunderman001@dev.mystatus.united.com/checkmemberid.php 
2014-09-18 09:36:34,637 INFO  [MamberId] load locater 
2014-09-18 09:36:34,727 INFO  [MamberId] Title of projce: 
2014-09-18 09:36:34,727 INFO  [Exceldatamanager] creat object Of Hssfsheet 
2014-09-18 09:36:34,727 INFO  [Exceldatamanager] loade file of excel sheet 
2014-09-18 09:42:39,815 INFO  [MamberId] oepn firefox browser 
2014-09-18 09:42:54,198 INFO  [MamberId] url scuces fully loded:http://wunderman:wunderman001@dev.mystatus.united.com/checkmemberid.php 
2014-09-18 09:43:05,205 INFO  [MamberId] load locater 
2014-09-18 09:43:05,290 INFO  [MamberId] Title of projce: 
2014-09-18 09:43:05,290 INFO  [Exceldatamanager] creat object Of Hssfsheet 
2014-09-18 09:43:05,290 INFO  [Exceldatamanager] loade file of excel sheet 
2014-09-18 09:43:25,793 INFO  [MamberId] exception in main class 
2014-09-18 09:43:26,797 INFO  [MamberId] exception in main class 
2014-09-18 09:43:27,810 INFO  [MamberId] exception in main class 
2014-09-18 09:43:28,823 INFO  [MamberId] exception in main class 
2014-09-18 09:43:29,828 INFO  [MamberId] exception in main class 
2014-09-18 10:10:29,039 INFO  [MamberId] oepn firefox browser 
2014-09-18 10:10:50,653 INFO  [MamberId] url scuces fully loded:http://wunderman:wunderman001@dev.mystatus.united.com/checkmemberid.php 
2014-09-18 10:11:06,281 INFO  [MamberId] load locater 
2014-09-18 10:11:06,360 INFO  [MamberId] Title of projce: 
2014-09-18 10:11:06,360 INFO  [Exceldatamanager] creat object Of Hssfsheet 
2014-09-18 10:11:06,360 INFO  [Exceldatamanager] loade file of excel sheet 
2014-09-18 10:11:20,020 INFO  [MamberId] exception in main class 
2014-09-18 10:18:09,532 INFO  [MamberId] oepn firefox browser 
2014-09-18 10:18:25,699 INFO  [MamberId] url scuces fully loded:http://wunderman:wunderman001@dev.mystatus.united.com/checkmemberid.php 
2014-09-18 10:19:12,301 INFO  [MamberId] load locater 
2014-09-18 10:19:12,365 INFO  [MamberId] Title of projce: 
2014-09-18 10:19:12,366 INFO  [Exceldatamanager] creat object Of Hssfsheet 
2014-09-18 10:19:12,366 INFO  [Exceldatamanager] loade file of excel sheet 
2014-09-18 10:19:12,790 INFO  [Exceldatamanager] exception in reading people data list 
2014-09-18 10:20:32,933 INFO  [MamberId] oepn firefox browser 
2014-09-18 10:20:47,891 INFO  [MamberId] url scuces fully loded:http://wunderman:wunderman001@dev.mystatus.united.com/checkmemberid.php 
2014-09-18 10:21:34,003 INFO  [MamberId] load locater 
2014-09-18 10:21:34,081 INFO  [MamberId] Title of projce: 
2014-09-18 10:21:34,082 INFO  [Exceldatamanager] creat object Of Hssfsheet 
2014-09-18 10:21:34,082 INFO  [Exceldatamanager] loade file of excel sheet 
2014-09-18 10:21:34,533 INFO  [Exceldatamanager] exception in reading people data list 
2014-09-18 10:22:46,976 INFO  [MamberId] oepn firefox browser 
2014-09-18 10:23:02,133 INFO  [MamberId] url scuces fully loded:http://wunderman:wunderman001@dev.mystatus.united.com/checkmemberid.php 
2014-09-18 10:23:50,085 INFO  [MamberId] load locater 
2014-09-18 10:23:50,148 INFO  [MamberId] Title of projce: 
2014-09-18 10:23:50,148 INFO  [Exceldatamanager] creat object Of Hssfsheet 
2014-09-18 10:23:50,148 INFO  [Exceldatamanager] loade file of excel sheet 
2014-09-18 10:23:50,615 INFO  [Exceldatamanager] exception in reading people data list 
2014-09-18 10:31:21,148 INFO  [MamberId] oepn firefox browser 
2014-09-18 10:31:35,218 INFO  [MamberId] url scuces fully loded:http://wunderman:wunderman001@dev.mystatus.united.com/checkmemberid.php 
2014-09-18 10:33:13,630 INFO  [MamberId] load locater 
2014-09-18 10:33:13,692 INFO  [MamberId] Title of projce: 
2014-09-18 10:33:13,692 INFO  [Exceldatamanager] creat object Of Hssfsheet 
2014-09-18 10:33:13,692 INFO  [Exceldatamanager] loade file of excel sheet 
2014-09-18 10:33:14,084 INFO  [Exceldatamanager] exception in reading people data list 
2014-09-18 10:44:11,028 INFO  [MamberId] oepn firefox browser 
2014-09-18 10:44:31,028 INFO  [MamberId] url scuces fully loded:http://wunderman:wunderman001@dev.mystatus.united.com/checkmemberid.php 
2014-09-18 10:46:05,488 INFO  [MamberId] oepn firefox browser 
2014-09-18 10:46:19,941 INFO  [MamberId] url scuces fully loded:http://wunderman:wunderman001@dev.mystatus.united.com/checkmemberid.php 
2014-09-18 10:46:32,658 INFO  [MamberId] load locater 
2014-09-18 10:46:32,797 INFO  [MamberId] Title of projce:Problem loading page 
2014-09-18 10:46:32,797 INFO  [Exceldatamanager] creat object Of Hssfsheet 
2014-09-18 10:46:32,797 INFO  [Exceldatamanager] loade file of excel sheet 
2014-09-18 10:46:33,490 INFO  [Exceldatamanager] exception in reading people data list 
2014-09-18 10:52:54,917 INFO  [MamberId] oepn firefox browser 
2014-09-18 10:53:10,051 INFO  [MamberId] url scuces fully loded:http://wunderman:wunderman001@dev.mystatus.united.com/checkmemberid.php 
2014-09-18 10:54:23,477 INFO  [MamberId] load locater 
2014-09-18 10:54:23,543 INFO  [MamberId] Title of projce: 
2014-09-18 10:54:23,543 INFO  [Exceldatamanager] creat object Of Hssfsheet 
2014-09-18 10:54:23,543 INFO  [Exceldatamanager] loade file of excel sheet 
2014-09-18 10:54:23,984 INFO  [Exceldatamanager] exception in reading people data list 
2014-09-18 11:00:45,598 INFO  [MamberId] oepn firefox browser 
2014-09-18 11:01:01,089 INFO  [MamberId] url scuces fully loded:http://wunderman:wunderman001@dev.mystatus.united.com/checkmemberid.php 
2014-09-18 11:02:35,663 INFO  [MamberId] load locater 
2014-09-18 11:02:35,786 INFO  [MamberId] Title of projce: 
2014-09-18 11:02:35,786 INFO  [Exceldatamanager] creat object Of Hssfsheet 
2014-09-18 11:02:35,786 INFO  [Exceldatamanager] loade file of excel sheet 
2014-09-18 11:02:38,322 INFO  [MamberId] exception in main class 
2014-09-18 11:02:53,700 INFO  [MamberId] exception in main class 
2014-09-18 11:04:13,569 INFO  [MamberId] oepn firefox browser 
2014-09-18 11:04:41,249 INFO  [MamberId] url scuces fully loded:http://wunderman:wunderman001@dev.mystatus.united.com/checkmemberid.php 
2014-09-18 11:06:21,860 INFO  [MamberId] load locater 
2014-09-18 11:06:22,057 INFO  [MamberId] Title of projce: 
2014-09-18 11:06:22,057 INFO  [Exceldatamanager] creat object Of Hssfsheet 
2014-09-18 11:06:22,057 INFO  [Exceldatamanager] loade file of excel sheet 
2014-09-18 11:06:24,557 INFO  [MamberId] exception in main class 
2014-09-18 11:06:38,660 INFO  [MamberId] exception in main class 
2014-09-18 11:17:10,679 INFO  [MamberId] oepn firefox browser 
2014-09-18 11:17:31,549 INFO  [MamberId] url scuces fully loded:http://wunderman:wunderman001@dev.mystatus.united.com/checkmemberid.php 
2014-09-18 11:21:59,810 INFO  [MamberId] oepn firefox browser 
2014-09-18 11:22:16,443 INFO  [MamberId] url scuces fully loded:http://wunderman:wunderman001@dev.mystatus.united.com/checkmemberid.php 
2014-09-18 11:24:15,752 INFO  [MamberId] oepn firefox browser 
2014-09-18 11:24:32,011 INFO  [MamberId] url scuces fully loded:http://wunderman:wunderman001@dev.mystatus.united.com/checkmemberid.php 
2014-09-18 11:26:35,353 INFO  [MamberId] load locater 
2014-09-18 11:26:35,429 INFO  [MamberId] Title of projce: 
2014-09-18 11:26:35,430 INFO  [Exceldatamanager] creat object Of Hssfsheet 
2014-09-18 11:26:35,430 INFO  [Exceldatamanager] loade file of excel sheet 
2014-09-18 11:31:23,411 INFO  [MamberId] oepn firefox browser 
2014-09-18 11:31:39,699 INFO  [MamberId] url scuces fully loded:http://wunderman:wunderman001@dev.mystatus.united.com/checkmemberid.php 
2014-09-18 11:31:52,013 INFO  [MamberId] load locater 
2014-09-18 11:31:52,101 INFO  [MamberId] Title of projce: 
2014-09-18 11:31:52,101 INFO  [Exceldatamanager] creat object Of Hssfsheet 
2014-09-18 11:31:52,101 INFO  [Exceldatamanager] loade file of excel sheet 
2014-09-18 11:32:10,727 INFO  [MamberId] exception in main class 
2014-09-18 11:32:11,738 INFO  [MamberId] exception in main class 
2014-09-18 11:33:38,618 INFO  [MamberId] oepn firefox browser 
2014-09-18 11:33:53,635 INFO  [MamberId] url scuces fully loded:http://wunderman:wunderman001@dev.mystatus.united.com/checkmemberid.php 
2014-09-18 11:34:06,547 INFO  [MamberId] load locater 
2014-09-18 11:34:06,614 INFO  [MamberId] Title of projce: 
2014-09-18 11:34:06,614 INFO  [Exceldatamanager] creat object Of Hssfsheet 
2014-09-18 11:34:06,614 INFO  [Exceldatamanager] loade file of excel sheet 
2014-09-18 11:34:35,683 INFO  [MamberId] exception in main class 
2014-09-18 11:35:28,151 INFO  [MamberId] oepn firefox browser 
2014-09-18 11:35:42,932 INFO  [MamberId] url scuces fully loded:http://wunderman:wunderman001@dev.mystatus.united.com/checkmemberid.php 
2014-09-18 11:36:54,450 INFO  [MamberId] oepn firefox browser 
2014-09-18 11:37:10,001 INFO  [MamberId] url scuces fully loded:http://wunderman:wunderman001@dev.mystatus.united.com/checkmemberid.php 
2014-09-18 11:40:48,457 INFO  [MamberId] oepn firefox browser 
2014-09-18 11:41:09,769 INFO  [MamberId] url scuces fully loded:http://wunderman:wunderman001@dev.mystatus.united.com/checkmemberid.php 
2014-09-18 11:53:17,472 INFO  [MamberId] oepn firefox browser 
2014-09-18 11:53:45,026 INFO  [MamberId] url scuces fully loded:http://wunderman:wunderman001@dev.mystatus.united.com/checkmemberid.php 
2014-09-18 11:53:58,754 INFO  [MamberId] load locater 
2014-09-18 11:53:59,019 INFO  [MamberId] Title of projce: 
2014-09-18 11:53:59,019 INFO  [Exceldatamanager] creat object Of Hssfsheet 
2014-09-18 11:53:59,020 INFO  [Exceldatamanager] loade file of excel sheet 
2014-09-18 17:21:02,502 INFO  [MamberId] oepn firefox browser 
2014-09-18 17:21:29,903 INFO  [MamberId] url scuces fully loded:http://wunderman:wunderman001@dev.mystatus.united.com/checkmemberid.php 
2014-09-18 17:23:28,684 INFO  [MamberId] load locater 
2014-09-18 17:23:28,818 INFO  [MamberId] Title of projce:United 
2014-09-18 17:23:28,818 INFO  [Exceldatamanager] creat object Of Hssfsheet 
2014-09-18 17:23:28,818 INFO  [Exceldatamanager] loade file of excel sheet 
2014-09-20 20:04:08,471 INFO  [MamberId] oepn firefox browser 
2014-09-20 20:04:39,932 INFO  [MamberId] url scuces fully loded:http://wunderman:wunderman001@dev.mystatus.united.com/checkmemberid.php 
2014-09-20 20:04:57,616 INFO  [MamberId] load locater 
2014-09-20 20:04:57,727 INFO  [MamberId] Title of projce: 
2014-09-20 20:04:57,727 INFO  [Exceldatamanager] creat object Of Hssfsheet 
2014-09-20 20:04:57,727 INFO  [Exceldatamanager] loade file of excel sheet 
2014-09-20 20:04:57,736 INFO  [Exceldatamanager] exception in reading people data list 
2014-09-20 20:07:19,555 INFO  [MamberId] oepn firefox browser 
2014-09-20 20:07:36,436 INFO  [MamberId] url scuces fully loded:http://wunderman:wunderman001@dev.mystatus.united.com/checkmemberid.php 
2014-09-20 20:07:45,294 INFO  [Exceldatamanager] exception in reading  data from list 
2014-09-20 20:07:45,300 INFO  [MamberId] load locater 
2014-09-20 20:07:45,369 INFO  [MamberId] Title of projce: 
2014-09-20 20:07:45,370 INFO  [Exceldatamanager] creat object Of Hssfsheet 
2014-09-20 20:07:45,370 INFO  [Exceldatamanager] loade file of excel sheet 
2014-09-20 20:07:45,371 INFO  [Exceldatamanager] exception in reading  data from list 
2014-09-20 20:08:54,832 INFO  [MamberId] oepn firefox browser 
2014-09-20 20:09:12,225 INFO  [MamberId] url scuces fully loded:http://wunderman:wunderman001@dev.mystatus.united.com/checkmemberid.php 
2014-09-20 20:09:47,781 INFO  [MamberId] load locater 
2014-09-20 20:09:47,848 INFO  [MamberId] Title of projce: 
2014-09-20 20:09:47,848 INFO  [Exceldatamanager] creat object Of Hssfsheet 
2014-09-20 20:09:47,848 INFO  [Exceldatamanager] loade file of excel sheet 
2014-09-20 20:09:47,862 INFO  [Exceldatamanager] exception in reading people data list 
2014-09-20 20:10:49,897 INFO  [MamberId] oepn firefox browser 
2014-09-20 20:11:10,886 INFO  [MamberId] url scuces fully loded:http://wunderman:wunderman001@dev.mystatus.united.com/checkmemberid.php 
2014-09-20 20:11:31,242 INFO  [MamberId] load locater 
2014-09-20 20:11:31,487 INFO  [MamberId] Title of projce: 
2014-09-20 20:11:31,487 INFO  [Exceldatamanager] creat object Of Hssfsheet 
2014-09-20 20:11:31,487 INFO  [Exceldatamanager] loade file of excel sheet 
2014-09-20 20:11:31,610 INFO  [Exceldatamanager] exception in reading people data list 
2014-09-20 20:22:10,464 INFO  [MamberId] oepn firefox browser 
2014-09-20 20:22:28,791 INFO  [MamberId] url scuces fully loded:http://wunderman:wunderman001@dev.mystatus.united.com/checkmemberid.php 
2014-09-20 20:22:41,037 INFO  [MamberId] load locater 
2014-09-20 20:22:41,102 INFO  [MamberId] Title of projce: 
2014-09-20 20:22:41,102 INFO  [Exceldatamanager] creat object Of Hssfsheet 
2014-09-20 20:22:41,102 INFO  [Exceldatamanager] loade file of excel sheet 
2014-09-20 20:22:41,121 INFO  [Exceldatamanager] exception in reading people data list 
2014-09-20 21:01:46,383 INFO  [MamberId] oepn firefox browser 
2014-09-20 21:02:04,620 INFO  [MamberId] url scuces fully loded:http://wunderman:wunderman001@dev.mystatus.united.com/checkmemberid.php 
2014-09-20 21:07:03,049 INFO  [MamberId] oepn firefox browser 
2014-09-20 21:07:21,435 INFO  [MamberId] url scuces fully loded:http://wunderman:wunderman001@dev.mystatus.united.com/checkmemberid.php 
2014-09-20 21:07:40,272 INFO  [MamberId] load locater 
2014-09-20 21:07:40,420 INFO  [MamberId] Title of projce: 
2014-09-20 21:07:40,421 INFO  [Exceldatamanager] creat object Of Hssfsheet 
2014-09-20 21:07:40,421 INFO  [Exceldatamanager] loade file of excel sheet 
2014-09-20 21:18:22,382 INFO  [MamberId] oepn firefox browser 
2014-09-20 21:18:45,117 INFO  [MamberId] url scuces fully loded:http://wunderman:wunderman001@dev.mystatus.united.com/checkmemberid.php 
2014-09-20 21:18:51,904 INFO  [MamberId] load locater 
2014-09-20 21:18:52,024 INFO  [MamberId] Title of projce: 
2014-09-20 21:18:52,024 INFO  [Exceldatamanager] creat object Of Hssfsheet 
2014-09-20 21:18:52,024 INFO  [Exceldatamanager] loade file of excel sheet 
2014-09-20 21:25:45,556 INFO  [MamberId] oepn firefox browser 
2014-09-20 21:26:09,416 INFO  [MamberId] url scuces fully loded:http://wunderman:wunderman001@dev.mystatus.united.com/checkmemberid.php 
2014-09-20 21:26:21,909 INFO  [MamberId] load locater 
2014-09-20 21:26:21,986 INFO  [MamberId] Title of projce: 
2014-09-20 21:26:21,986 INFO  [Exceldatamanager] creat object Of Hssfsheet 
2014-09-20 21:26:21,986 INFO  [Exceldatamanager] loade file of excel sheet 
2014-09-20 21:36:56,547 INFO  [MamberId] oepn firefox browser 
2014-09-20 21:37:15,786 INFO  [MamberId] url scuces fully loded:http://wunderman:wunderman001@dev.mystatus.united.com/checkmemberid.php 
2014-09-20 21:37:36,441 INFO  [MamberId] load locater 
2014-09-20 21:37:36,518 INFO  [MamberId] Title of projce: 
2014-09-20 21:37:36,518 INFO  [Exceldatamanager] creat object Of Hssfsheet 
2014-09-20 21:37:36,518 INFO  [Exceldatamanager] loade file of excel sheet 
2014-09-20 21:52:54,728 INFO  [MamberId] exception in main class 
2014-09-20 21:53:40,507 INFO  [MamberId] oepn firefox browser 
2014-09-20 21:53:56,766 INFO  [MamberId] url scuces fully loded:http://wunderman:wunderman001@dev.mystatus.united.com/checkmemberid.php 
2014-09-20 21:54:12,319 INFO  [MamberId] load locater 
2014-09-20 21:54:12,386 INFO  [MamberId] Title of projce: 
2014-09-20 21:54:12,386 INFO  [Exceldatamanager] creat object Of Hssfsheet 
2014-09-20 21:54:12,386 INFO  [Exceldatamanager] loade file of excel sheet 
2014-09-20 22:06:21,687 INFO  [MamberId] exception in main class 
2014-09-20 22:08:21,852 INFO  [MamberId] exception in main class 
2014-09-20 22:09:04,589 INFO  [MamberId] exception in main class 
2014-09-20 22:09:05,630 INFO  [MamberId] exception in main class 
2014-09-20 22:09:06,646 INFO  [MamberId] exception in main class 
2014-09-20 22:09:07,663 INFO  [MamberId] exception in main class 
2014-09-20 22:35:37,172 INFO  [MamberId] oepn firefox browser 
2014-09-20 22:36:03,501 INFO  [MamberId] url scuces fully loded:http://wunderman:wunderman001@dev.mystatus.united.com/checkmemberid.php 
2014-09-20 22:36:05,893 INFO  [MamberId] copay complete 
2014-09-20 22:36:13,818 INFO  [MamberId] load locater 
2014-09-20 22:36:14,049 INFO  [MamberId] Title of projce:New Customer Login Page 
2014-09-20 22:36:14,049 INFO  [Exceldatamanager] creat object Of Hssfsheet 
2014-09-20 22:36:14,049 INFO  [Exceldatamanager] loade file of excel sheet 
2014-09-20 22:36:14,299 INFO  [Exceldatamanager] exception in reading people data list 
2014-09-20 22:37:01,925 INFO  [MamberId] oepn firefox browser 
2014-09-20 23:59:04,007 INFO  [MamberId] oepn firefox browser 
2014-09-20 23:59:25,299 INFO  [MamberId] url scuces fully loded:http://wunderman:wunderman001@dev.mystatus.united.com/checkmemberid.php 
2014-09-21 00:03:26,930 INFO  [MamberId] oepn firefox browser 
2014-09-21 00:03:41,518 INFO  [MamberId] url scuces fully loded:http://wunderman:wunderman001@dev.mystatus.united.com/checkmemberid.php 
